<?xml version="1.0" encoding="UTF-8"?>
<testsuite name="calculator.functions.trigonometry.implementations.CosineTest" tests="13" skipped="0" failures="0" errors="0" timestamp="2023-03-18T20:39:57" hostname="LAPTOP-2LBS2LJ1" time="0.033">
  <properties/>
  <testcase name="[1] 0.0" classname="calculator.functions.trigonometry.implementations.CosineTest" time="0.001"/>
  <testcase name="[2] 0.1" classname="calculator.functions.trigonometry.implementations.CosineTest" time="0.001"/>
  <testcase name="[3] 0.5" classname="calculator.functions.trigonometry.implementations.CosineTest" time="0.001"/>
  <testcase name="[4] 1.0" classname="calculator.functions.trigonometry.implementations.CosineTest" time="0.001"/>
  <testcase name="[5] 1.5707963267948966" classname="calculator.functions.trigonometry.implementations.CosineTest" time="0.001"/>
  <testcase name="[6] 3.141592653589793" classname="calculator.functions.trigonometry.implementations.CosineTest" time="0.001"/>
  <testcase name="[7] 4.71238898038469" classname="calculator.functions.trigonometry.implementations.CosineTest" time="0.001"/>
  <testcase name="[8] -0.1" classname="calculator.functions.trigonometry.implementations.CosineTest" time="0.001"/>
  <testcase name="[9] -0.5" classname="calculator.functions.trigonometry.implementations.CosineTest" time="0.001"/>
  <testcase name="[10] -1.0" classname="calculator.functions.trigonometry.implementations.CosineTest" time="0.0"/>
  <testcase name="[11] -1.5707963267948966" classname="calculator.functions.trigonometry.implementations.CosineTest" time="0.001"/>
  <testcase name="[12] -3.141592653589793" classname="calculator.functions.trigonometry.implementations.CosineTest" time="0.001"/>
  <testcase name="[13] -4.71238898038469" classname="calculator.functions.trigonometry.implementations.CosineTest" time="0.001"/>
  <system-out><![CDATA[]]></system-out>
  <system-err><![CDATA[]]></system-err>
</testsuite>
